0 info it worked if it ends with ok
1 verbose cli [ '/usr/local/bin/node',
1 verbose cli   '/usr/local/bin/npm',
1 verbose cli   'install',
1 verbose cli   '-g',
1 verbose cli   'webpack',
1 verbose cli   'webpack-dev-server' ]
2 info using npm@2.14.2
3 info using node@v4.0.0
4 verbose install initial load of /usr/local/lib/package.json
5 verbose readDependencies loading dependencies from /usr/local/lib/package.json
6 silly cache add args [ 'webpack', null ]
7 verbose cache add spec webpack
8 silly cache add args [ 'webpack-dev-server', null ]
9 verbose cache add spec webpack-dev-server
10 silly cache add parsed spec Result {
10 silly cache add   raw: 'webpack',
10 silly cache add   scope: null,
10 silly cache add   name: 'webpack',
10 silly cache add   rawSpec: '',
10 silly cache add   spec: '*',
10 silly cache add   type: 'range' }
11 silly addNamed webpack@*
12 verbose addNamed "*" is a valid semver range for webpack
13 silly addNameRange { name: 'webpack', range: '*', hasData: false }
14 silly mapToRegistry name webpack
15 silly mapToRegistry using default registry
16 silly mapToRegistry registry https://registry.npmjs.org/
17 silly mapToRegistry uri https://registry.npmjs.org/webpack
18 verbose addNameRange registry:https://registry.npmjs.org/webpack not in flight; fetching
19 silly cache add parsed spec Result {
19 silly cache add   raw: 'webpack-dev-server',
19 silly cache add   scope: null,
19 silly cache add   name: 'webpack-dev-server',
19 silly cache add   rawSpec: '',
19 silly cache add   spec: '*',
19 silly cache add   type: 'range' }
20 silly addNamed webpack-dev-server@*
21 verbose addNamed "*" is a valid semver range for webpack-dev-server
22 silly addNameRange { name: 'webpack-dev-server', range: '*', hasData: false }
23 silly mapToRegistry name webpack-dev-server
24 silly mapToRegistry using default registry
25 silly mapToRegistry registry https://registry.npmjs.org/
26 silly mapToRegistry uri https://registry.npmjs.org/webpack-dev-server
27 verbose addNameRange registry:https://registry.npmjs.org/webpack-dev-server not in flight; fetching
28 verbose request uri https://registry.npmjs.org/webpack
29 verbose request no auth needed
30 info attempt registry request try #1 at 7:45:40 AM
31 verbose request id dc5d3365c30860bc
32 verbose etag "1B8MBP374Z3ZLSOVXHHOQBW8Q"
33 http request GET https://registry.npmjs.org/webpack
34 verbose request uri https://registry.npmjs.org/webpack-dev-server
35 verbose request no auth needed
36 info attempt registry request try #1 at 7:45:40 AM
37 verbose etag "16PRAHIMRJ59O4V1TL0S20YRA"
38 http request GET https://registry.npmjs.org/webpack-dev-server
39 http 304 https://registry.npmjs.org/webpack-dev-server
40 silly get cb [ 304,
40 silly get   { date: 'Sun, 20 Sep 2015 05:45:40 GMT',
40 silly get     via: '1.1 varnish',
40 silly get     'cache-control': 'max-age=60',
40 silly get     etag: '"16PRAHIMRJ59O4V1TL0S20YRA"',
40 silly get     age: '45',
40 silly get     connection: 'keep-alive',
40 silly get     'x-served-by': 'cache-fra1226-FRA',
40 silly get     'x-cache': 'HIT',
40 silly get     'x-cache-hits': '1',
40 silly get     'x-timer': 'S1442727940.839648,VS0,VE0',
40 silly get     vary: 'Accept' } ]
41 verbose etag https://registry.npmjs.org/webpack-dev-server from cache
42 verbose get saving webpack-dev-server to /Users/martin/.npm/registry.npmjs.org/webpack-dev-server/.cache.json
43 http 304 https://registry.npmjs.org/webpack
44 silly get cb [ 304,
44 silly get   { date: 'Sun, 20 Sep 2015 05:45:40 GMT',
44 silly get     via: '1.1 varnish',
44 silly get     'cache-control': 'max-age=60',
44 silly get     etag: '"1B8MBP374Z3ZLSOVXHHOQBW8Q"',
44 silly get     age: '45',
44 silly get     connection: 'keep-alive',
44 silly get     'x-served-by': 'cache-fra1226-FRA',
44 silly get     'x-cache': 'HIT',
44 silly get     'x-cache-hits': '1',
44 silly get     'x-timer': 'S1442727940.840658,VS0,VE11',
44 silly get     vary: 'Accept' } ]
45 verbose etag https://registry.npmjs.org/webpack from cache
46 verbose get saving webpack to /Users/martin/.npm/registry.npmjs.org/webpack/.cache.json
47 silly addNameRange number 2 { name: 'webpack', range: '*', hasData: true }
48 silly addNameRange versions [ 'webpack',
48 silly addNameRange   [ '0.1.0',
48 silly addNameRange     '0.1.1',
48 silly addNameRange     '0.1.2',
48 silly addNameRange     '0.1.3',
48 silly addNameRange     '0.1.4',
48 silly addNameRange     '0.1.5',
48 silly addNameRange     '0.1.6',
48 silly addNameRange     '0.2.0',
48 silly addNameRange     '0.2.1',
48 silly addNameRange     '0.2.2',
48 silly addNameRange     '0.2.3',
48 silly addNameRange     '0.2.4',
48 silly addNameRange     '0.2.6',
48 silly addNameRange     '0.2.7',
48 silly addNameRange     '0.2.8',
48 silly addNameRange     '0.3.0',
48 silly addNameRange     '0.3.1',
48 silly addNameRange     '0.3.2',
48 silly addNameRange     '0.3.3',
48 silly addNameRange     '0.3.4',
48 silly addNameRange     '0.3.6',
48 silly addNameRange     '0.3.7',
48 silly addNameRange     '0.3.8',
48 silly addNameRange     '0.3.9',
48 silly addNameRange     '0.3.10',
48 silly addNameRange     '0.3.11',
48 silly addNameRange     '0.3.12',
48 silly addNameRange     '0.3.13',
48 silly addNameRange     '0.3.14',
48 silly addNameRange     '0.3.15',
48 silly addNameRange     '0.3.16',
48 silly addNameRange     '0.3.17',
48 silly addNameRange     '0.3.18',
48 silly addNameRange     '0.3.19',
48 silly addNameRange     '0.3.20',
48 silly addNameRange     '0.4.0',
48 silly addNameRange     '0.4.1',
48 silly addNameRange     '0.4.2',
48 silly addNameRange     '0.4.3',
48 silly addNameRange     '0.4.4',
48 silly addNameRange     '0.4.5',
48 silly addNameRange     '0.4.6',
48 silly addNameRange     '0.4.7',
48 silly addNameRange     '0.4.8',
48 silly addNameRange     '0.4.9',
48 silly addNameRange     '0.4.10',
48 silly addNameRange     '0.4.11',
48 silly addNameRange     '0.4.12',
48 silly addNameRange     '0.4.13',
48 silly addNameRange     '0.4.14',
48 silly addNameRange     '0.4.15',
48 silly addNameRange     '0.4.16',
48 silly addNameRange     '0.4.17',
48 silly addNameRange     '0.4.18',
48 silly addNameRange     '0.4.19',
48 silly addNameRange     '0.4.20',
48 silly addNameRange     '0.4.21',
48 silly addNameRange     '0.4.23',
48 silly addNameRange     '0.4.24',
48 silly addNameRange     '0.4.25',
48 silly addNameRange     '0.5.0',
48 silly addNameRange     '0.5.1',
48 silly addNameRange     '0.5.2',
48 silly addNameRange     '0.5.3',
48 silly addNameRange     '0.5.4',
48 silly addNameRange     '0.5.5',
48 silly addNameRange     '0.5.6',
48 silly addNameRange     '0.5.7',
48 silly addNameRange     '0.5.8',
48 silly addNameRange     '0.5.10',
48 silly addNameRange     '0.6.0',
48 silly addNameRange     '0.6.1',
48 silly addNameRange     '0.6.2',
48 silly addNameRange     '0.7.0-beta',
48 silly addNameRange     '0.7.0-beta2',
48 silly addNameRange     '0.7.0-beta3',
48 silly addNameRange     '0.7.0-beta4',
48 silly addNameRange     '0.7.0-beta5',
48 silly addNameRange     '0.7.0-beta6',
48 silly addNameRange     '0.7.0-beta7',
48 silly addNameRange     '0.7.0-beta8',
48 silly addNameRange     '0.7.0',
48 silly addNameRange     '0.7.1',
48 silly addNameRange     '0.7.2',
48 silly addNameRange     '0.7.3',
48 silly addNameRange     '0.7.4',
48 silly addNameRange     '0.7.5',
48 silly addNameRange     '0.7.6',
48 silly addNameRange     '0.7.7',
48 silly addNameRange     '0.7.8',
48 silly addNameRange     '0.7.9',
48 silly addNameRange     '0.7.11',
48 silly addNameRange     '0.7.12',
48 silly addNameRange     '0.7.13',
48 silly addNameRange     '0.7.14',
48 silly addNameRange     '0.7.15',
48 silly addNameRange     '0.7.16',
48 silly addNameRange     '0.7.17',
48 silly addNameRange     '0.8.0-beta1',
48 silly addNameRange     '0.8.0-beta2',
48 silly addNameRange     '0.8.0-beta3',
48 silly addNameRange     '0.8.0-beta4',
48 silly addNameRange     '0.8.0',
48 silly addNameRange     '0.8.2',
48 silly addNameRange     '0.8.3',
48 silly addNameRange     '0.9.0-beta1',
48 silly addNameRange     '0.9.0-beta2',
48 silly addNameRange     '0.9.0-beta4',
48 silly addNameRange     '0.9.0-beta5',
48 silly addNameRange     '0.9.0-beta6',
48 silly addNameRange     '0.9.0-beta7',
48 silly addNameRange     '0.9.0-beta8',
48 silly addNameRange     '0.9.0-beta9',
48 silly addNameRange     '0.9.0-beta10',
48 silly addNameRange     '0.9.0-beta11',
48 silly addNameRange     '0.9.0-beta12',
48 silly addNameRange     '0.9.0-beta13',
48 silly addNameRange     '0.9.0-beta14',
48 silly addNameRange     '0.9.0-beta15',
48 silly addNameRange     '0.9.0-beta16',
48 silly addNameRange     '0.9.0-beta17',
48 silly addNameRange     '0.9.0-beta18',
48 silly addNameRange     '0.9.0-beta19',
48 silly addNameRange     '0.9.0-beta20',
48 silly addNameRange     '0.9.0-beta21',
48 silly addNameRange     '0.9.0-beta22',
48 silly addNameRange     '0.9.0-beta23',
48 silly addNameRange     '0.9.0-beta24',
48 silly addNameRange     '0.9.0-beta25',
48 silly addNameRange     '0.9.0-beta26',
48 silly addNameRange     '0.9.0-beta27',
48 silly addNameRange     '0.9.0-beta28',
48 silly addNameRange     '0.9.0-beta29',
48 silly addNameRange     '0.9.0-beta30',
48 silly addNameRange     '0.9.0-beta31',
48 silly addNameRange     '0.9.0-beta32',
48 silly addNameRange     '0.9.0-beta33',
48 silly addNameRange     '0.9.0-beta34',
48 silly addNameRange     '0.9.0-beta35',
48 silly addNameRange     '0.9.0-beta36',
48 silly addNameRange     '0.9.0-beta37',
48 silly addNameRange     '0.9.0-beta38',
48 silly addNameRange     '0.9.0',
48 silly addNameRange     '0.9.1',
48 silly addNameRange     '0.9.2',
48 silly addNameRange     '0.9.3',
48 silly addNameRange     '0.10.0-beta2',
48 silly addNameRange     '0.10.0-beta3',
48 silly addNameRange     '0.10.0-beta5',
48 silly addNameRange     '0.10.0-beta6',
48 silly addNameRange     '0.10.0-beta7',
48 silly addNameRange     '0.10.0-beta8',
48 silly addNameRange     '0.10.0-beta9',
48 silly addNameRange     '0.10.0-beta10',
48 silly addNameRange     '0.10.0-beta11',
48 silly addNameRange     '0.10.0-beta12',
48 silly addNameRange     '0.10.0-beta13',
48 silly addNameRange     '0.10.0-beta14',
48 silly addNameRange     '0.10.0-beta15',
48 silly addNameRange     '0.10.0-beta16',
48 silly addNameRange     '0.10.0-beta17',
48 silly addNameRange     '0.10.0-beta18',
48 silly addNameRange     '0.10.0-beta19',
48 silly addNameRange     '0.10.0-beta20',
48 silly addNameRange     '0.10.0-beta21',
48 silly addNameRange     '0.10.0-beta22',
48 silly addNameRange     '0.10.0-beta23',
48 silly addNameRange     '0.10.0-beta24',
48 silly addNameRange     '0.10.0-beta25',
48 silly addNameRange     '0.10.0',
48 silly addNameRange     '0.11.0-beta1',
48 silly addNameRange     '0.11.0-beta2',
48 silly addNameRange     '0.11.0-beta3',
48 silly addNameRange     '0.11.0-beta4',
48 silly addNameRange     '0.11.0-beta5',
48 silly addNameRange     '0.11.0-beta6',
48 silly addNameRange     '0.11.0-beta7',
48 silly addNameRange     '0.11.0-beta8',
48 silly addNameRange     '0.11.0-beta9',
48 silly addNameRange     '0.11.0-beta10',
48 silly addNameRange     '0.11.0-beta11',
48 silly addNameRange     '0.11.0-beta12',
48 silly addNameRange     '0.11.0-beta13',
48 silly addNameRange     '0.11.0-beta14',
48 silly addNameRange     '0.11.0-beta15',
48 silly addNameRange     '0.11.0-beta16',
48 silly addNameRange     '0.11.0-beta17',
48 silly addNameRange     '0.11.0-beta18',
48 silly addNameRange     '0.11.0-beta19',
48 silly addNameRange     '0.11.0-beta20',
48 silly addNameRange     '0.11.0-beta21',
48 silly addNameRange     '0.11.0-beta22',
48 silly addNameRange     '0.11.0-beta23',
48 silly addNameRange     '0.11.0-beta24',
48 silly addNameRange     '0.11.0-beta25',
48 silly addNameRange     '0.11.0-beta26',
48 silly addNameRange     '0.11.0-beta27',
48 silly addNameRange     '0.11.0-beta28',
48 silly addNameRange     '0.11.0-beta29',
48 silly addNameRange     '0.11.0',
48 silly addNameRange     '0.11.1',
48 silly addNameRange     '0.11.2',
48 silly addNameRange     '0.11.3',
48 silly addNameRange     '0.11.4',
48 silly addNameRange     '0.11.5',
48 silly addNameRange     '0.11.6',
48 silly addNameRange     '0.11.7',
48 silly addNameRange     '0.11.8',
48 silly addNameRange     '0.11.9',
48 silly addNameRange     '0.11.10',
48 silly addNameRange     '0.11.11',
48 silly addNameRange     '0.11.12',
48 silly addNameRange     '0.11.13',
48 silly addNameRange     '0.11.14',
48 silly addNameRange     '0.11.15',
48 silly addNameRange     '1.0.0-beta1',
48 silly addNameRange     '1.0.0-beta2',
48 silly addNameRange     '1.0.0-beta3',
48 silly addNameRange     '1.0.0-beta4',
48 silly addNameRange     '0.11.16',
48 silly addNameRange     '0.11.17',
48 silly addNameRange     '0.11.18',
48 silly addNameRange     '1.0.0-beta5',
48 silly addNameRange     '1.0.0-beta6',
48 silly addNameRange     '1.0.0-beta7',
48 silly addNameRange     '1.0.0-beta8',
48 silly addNameRange     '1.0.0-beta9',
48 silly addNameRange     '1.0.0-rc1',
48 silly addNameRange     '1.0.0-rc2',
48 silly addNameRange     '1.0.0-rc3',
48 silly addNameRange     '1.0.0-rc4',
48 silly addNameRange     '1.0.0-rc5',
48 silly addNameRange     '1.0.0-rc7',
48 silly addNameRange     '1.0.0-rc8',
48 silly addNameRange     '1.0.0-rc9',
48 silly addNameRange     '1.0.0-rc11',
48 silly addNameRange     '1.0.0-rc12',
48 silly addNameRange     '1.0.0',
48 silly addNameRange     '1.0.1',
48 silly addNameRange     '1.0.3',
48 silly addNameRange     '1.0.4',
48 silly addNameRange     '1.0.5',
48 silly addNameRange     '1.1.0-beta1',
48 silly addNameRange     '1.1.0-beta2',
48 silly addNameRange     '1.1.0-beta3',
48 silly addNameRange     '1.1.0-beta4',
48 silly addNameRange     '1.1.0-beta5',
48 silly addNameRange     '1.1.0-beta6',
48 silly addNameRange     '1.1.0-beta7',
48 silly addNameRange     '1.1.0-beta8',
48 silly addNameRange     '1.1.0-beta9',
48 silly addNameRange     '1.1.0-beta10',
48 silly addNameRange     '1.1.0-beta12',
48 silly addNameRange     '1.1.0',
48 silly addNameRange     '1.1.1',
48 silly addNameRange     '1.1.2',
48 silly addNameRange     '1.1.3',
48 silly addNameRange     '1.1.4',
48 silly addNameRange     '1.1.5',
48 silly addNameRange     '1.1.6',
48 silly addNameRange     '1.1.7',
48 silly addNameRange     '1.1.8',
48 silly addNameRange     '1.1.9',
48 silly addNameRange     '1.1.10',
48 silly addNameRange     '1.1.11',
48 silly addNameRange     '1.2.0-beta1',
48 silly addNameRange     '1.2.0-beta2',
48 silly addNameRange     '1.2.0-beta4',
48 silly addNameRange     '1.2.0-beta5',
48 silly addNameRange     '1.2.0-beta6',
48 silly addNameRange     '1.3.0-beta1',
48 silly addNameRange     '1.3.0-beta2',
48 silly addNameRange     '1.3.0-beta3',
48 silly addNameRange     '1.3.0-beta4',
48 silly addNameRange     '1.3.0-beta5',
48 silly addNameRange     '1.3.0-beta6',
48 silly addNameRange     '1.3.0-beta7',
48 silly addNameRange     '1.3.0-beta8',
48 silly addNameRange     '1.3.0-beta9',
48 silly addNameRange     '1.3.1-beta1',
48 silly addNameRange     '1.3.1-beta2',
48 silly addNameRange     '1.3.1-beta3',
48 silly addNameRange     '1.3.1-beta4',
48 silly addNameRange     '1.3.1-beta5',
48 silly addNameRange     '1.3.1-beta6',
48 silly addNameRange     '1.3.1-beta7',
48 silly addNameRange     '1.3.1-beta8',
48 silly addNameRange     '1.3.1-beta9',
48 silly addNameRange     '1.3.2-beta1',
48 silly addNameRange     '1.3.2-beta2',
48 silly addNameRange     '1.3.2-beta3',
48 silly addNameRange     '1.3.2-beta4',
48 silly addNameRange     '1.3.2-beta5',
48 silly addNameRange     '1.3.2-beta6',
48 silly addNameRange     '1.3.2-beta7',
48 silly addNameRange     '1.3.2-beta8',
48 silly addNameRange     '1.3.2-beta9',
48 silly addNameRange     '1.3.3-beta1',
48 silly addNameRange     '1.3.3-beta2',
48 silly addNameRange     '1.3.4',
48 silly addNameRange     '1.3.5',
48 silly addNameRange     '1.3.6',
48 silly addNameRange     '1.3.7',
48 silly addNameRange     '1.4.0-beta1',
48 silly addNameRange     '1.4.0-beta2',
48 silly addNameRange     '1.4.0-beta3',
48 silly addNameRange     '1.4.0-beta4',
48 silly addNameRange     '1.4.0-beta5',
48 silly addNameRange     '1.4.0-beta6',
48 silly addNameRange     '1.4.0-beta7',
48 silly addNameRange     '1.4.0-beta8',
48 silly addNameRange     '1.4.0-beta9',
48 silly addNameRange     '1.4.0-beta10',
48 silly addNameRange     '1.4.1-beta1',
48 silly addNameRange     '1.4.2',
48 silly addNameRange     '1.4.3',
48 silly addNameRange     '1.4.4',
48 silly addNameRange     '1.4.5',
48 silly addNameRange     '1.4.6',
48 silly addNameRange     '1.4.7',
48 silly addNameRange     '1.4.8',
48 silly addNameRange     '1.4.9',
48 silly addNameRange     '1.4.10',
48 silly addNameRange     '1.4.11',
48 silly addNameRange     '1.4.12',
48 silly addNameRange     '1.4.13',
48 silly addNameRange     '1.4.14',
48 silly addNameRange     '1.4.15',
48 silly addNameRange     '1.5.0',
48 silly addNameRange     '1.5.1',
48 silly addNameRange     '1.5.2',
48 silly addNameRange     '1.5.3',
48 silly addNameRange     '1.6.0',
48 silly addNameRange     '1.7.0',
48 silly addNameRange     '1.7.1',
48 silly addNameRange     '1.7.2',
48 silly addNameRange     '1.7.3',
48 silly addNameRange     '1.8.0',
48 silly addNameRange     '1.8.1',
48 silly addNameRange     '1.8.2',
48 silly addNameRange     '1.8.3',
48 silly addNameRange     '1.8.4',
48 silly addNameRange     '1.8.5',
48 silly addNameRange     '1.8.6',
48 silly addNameRange     '1.8.7',
48 silly addNameRange     '1.8.8',
48 silly addNameRange     '1.8.9',
48 silly addNameRange     '1.8.10',
48 silly addNameRange     '1.8.11',
48 silly addNameRange     '1.9.0',
48 silly addNameRange     '1.9.1',
48 silly addNameRange     '1.9.2',
48 silly addNameRange     '1.9.3',
48 silly addNameRange     '1.9.4',
48 silly addNameRange     '1.9.5',
48 silly addNameRange     '1.9.6',
48 silly addNameRange     '1.9.7',
48 silly addNameRange     '1.9.8',
48 silly addNameRange     '1.9.9',
48 silly addNameRange     '1.9.10',
48 silly addNameRange     '1.9.11',
48 silly addNameRange     '1.9.12',
48 silly addNameRange     '1.9.13',
48 silly addNameRange     '1.10.0',
48 silly addNameRange     '1.10.1',
48 silly addNameRange     '1.10.2',
48 silly addNameRange     '1.10.3',
48 silly addNameRange     '1.10.4',
48 silly addNameRange     '1.10.5',
48 silly addNameRange     '1.11.0',
48 silly addNameRange     '1.12.0',
48 silly addNameRange     '1.12.1',
48 silly addNameRange     '1.12.2' ] ]
49 silly addNamed webpack@1.12.2
50 verbose addNamed "1.12.2" is a plain semver version for webpack
51 silly addNameRange number 2 { name: 'webpack-dev-server', range: '*', hasData: true }
52 silly addNameRange versions [ 'webpack-dev-server',
52 silly addNameRange   [ '0.6.0',
52 silly addNameRange     '0.6.1',
52 silly addNameRange     '0.6.2',
52 silly addNameRange     '0.7.0',
52 silly addNameRange     '0.7.1',
52 silly addNameRange     '0.7.2',
52 silly addNameRange     '0.8.0',
52 silly addNameRange     '0.8.1',
52 silly addNameRange     '0.8.2',
52 silly addNameRange     '0.9.0',
52 silly addNameRange     '0.9.1',
52 silly addNameRange     '0.9.2',
52 silly addNameRange     '0.9.3',
52 silly addNameRange     '0.9.4',
52 silly addNameRange     '0.10.0',
52 silly addNameRange     '0.10.1',
52 silly addNameRange     '0.11.0',
52 silly addNameRange     '0.11.1',
52 silly addNameRange     '1.0.0',
52 silly addNameRange     '1.0.1',
52 silly addNameRange     '1.0.2',
52 silly addNameRange     '1.1.0',
52 silly addNameRange     '1.2.0',
52 silly addNameRange     '1.2.1',
52 silly addNameRange     '1.2.2',
52 silly addNameRange     '1.2.3',
52 silly addNameRange     '1.2.4',
52 silly addNameRange     '1.2.5',
52 silly addNameRange     '1.2.6',
52 silly addNameRange     '1.2.7',
52 silly addNameRange     '1.2.8',
52 silly addNameRange     '1.2.9',
52 silly addNameRange     '1.3.0',
52 silly addNameRange     '1.3.1',
52 silly addNameRange     '1.3.2',
52 silly addNameRange     '1.4.0',
52 silly addNameRange     '1.4.1',
52 silly addNameRange     '1.4.2',
52 silly addNameRange     '1.4.3',
52 silly addNameRange     '1.4.4',
52 silly addNameRange     '1.4.5',
52 silly addNameRange     '1.4.6',
52 silly addNameRange     '1.4.7',
52 silly addNameRange     '1.4.9',
52 silly addNameRange     '1.4.10',
52 silly addNameRange     '1.5.0',
52 silly addNameRange     '1.6.0',
52 silly addNameRange     '1.6.1',
52 silly addNameRange     '1.6.2',
52 silly addNameRange     '1.6.3',
52 silly addNameRange     '1.6.4',
52 silly addNameRange     '1.6.5',
52 silly addNameRange     '1.6.6',
52 silly addNameRange     '1.7.0',
52 silly addNameRange     '1.8.0',
52 silly addNameRange     '1.8.1',
52 silly addNameRange     '1.8.2',
52 silly addNameRange     '1.9.0',
52 silly addNameRange     '1.10.0',
52 silly addNameRange     '1.10.1',
52 silly addNameRange     '1.11.0' ] ]
53 silly addNamed webpack-dev-server@1.11.0
54 verbose addNamed "1.11.0" is a plain semver version for webpack-dev-server
55 silly cache afterAdd webpack@1.12.2
56 verbose afterAdd /Users/martin/.npm/webpack/1.12.2/package/package.json not in flight; writing
57 silly cache afterAdd webpack-dev-server@1.11.0
58 verbose afterAdd /Users/martin/.npm/webpack-dev-server/1.11.0/package/package.json not in flight; writing
59 verbose afterAdd /Users/martin/.npm/webpack/1.12.2/package/package.json written
60 verbose afterAdd /Users/martin/.npm/webpack-dev-server/1.11.0/package/package.json written
61 silly install resolved [ { name: 'webpack',
61 silly install resolved     version: '1.12.2',
61 silly install resolved     author: { name: 'Tobias Koppers @sokra' },
61 silly install resolved     description: 'Packs CommonJs/AMD modules for the browser. Allows to split your codebase into multiple bundles, which can be loaded on demand. Support loaders to preprocess files, i.e. json, jade, coffee, css, less, ... and your custom stuff.',
61 silly install resolved     dependencies:
61 silly install resolved      { async: '^1.3.0',
61 silly install resolved        clone: '^1.0.2',
61 silly install resolved        'enhanced-resolve': '~0.9.0',
61 silly install resolved        esprima: '^2.5.0',
61 silly install resolved        interpret: '^0.6.4',
61 silly install resolved        'memory-fs': '~0.2.0',
61 silly install resolved        mkdirp: '~0.5.0',
61 silly install resolved        'node-libs-browser': '>= 0.4.0 <=0.6.0',
61 silly install resolved        optimist: '~0.6.0',
61 silly install resolved        'supports-color': '^3.1.0',
61 silly install resolved        tapable: '~0.1.8',
61 silly install resolved        'uglify-js': '~2.4.24',
61 silly install resolved        watchpack: '^0.2.1',
61 silly install resolved        'webpack-core': '~0.6.0' },
61 silly install resolved     license: 'MIT',
61 silly install resolved     devDependencies:
61 silly install resolved      { benchmark: '^1.0.0',
61 silly install resolved        'bundle-loader': '~0.5.0',
61 silly install resolved        'codecov.io': '^0.1.2',
61 silly install resolved        'coffee-loader': '~0.7.1',
61 silly install resolved        'component-webpack-plugin': '~0.2.0',
61 silly install resolved        coveralls: '^2.11.2',
61 silly install resolved        'css-loader': '~0.15.0',
61 silly install resolved        diff: '^2.0.2',
61 silly install resolved        eslint: '^1.1.0',
61 silly install resolved        'eslint-plugin-nodeca': '^1.0.3',
61 silly install resolved        express: '~4.13.1',
61 silly install resolved        'extract-text-webpack-plugin': '~0.8.0',
61 silly install resolved        'file-loader': '~0.8.0',
61 silly install resolved        glob: '^5.0.14',
61 silly install resolved        'i18n-webpack-plugin': '~0.2.0',
61 silly install resolved        istanbul: '^0.3.13',
61 silly install resolved        'jade-loader': '~0.7.0',
61 silly install resolved        'js-beautify': '^1.5.10',
61 silly install resolved        'json-loader': '~0.5.1',
61 silly install resolved        'less-loader': '^2.0.0',
61 silly install resolved        'loader-utils': '^0.2.11',
61 silly install resolved        mocha: '~2.2.0',
61 silly install resolved        'mocha-lcov-reporter': '0.0.2',
61 silly install resolved        'raw-loader': '~0.5.0',
61 silly install resolved        'script-loader': '~0.6.0',
61 silly install resolved        should: '^7.0.2',
61 silly install resolved        'style-loader': '~0.12.0',
61 silly install resolved        'url-loader': '~0.5.0',
61 silly install resolved        'val-loader': '~0.5.0',
61 silly install resolved        'vm-browserify': '~0.0.0',
61 silly install resolved        'webpack-dev-middleware': '^1.0.0',
61 silly install resolved        'worker-loader': '~0.6.0' },
61 silly install resolved     engines: { node: '>=0.6' },
61 silly install resolved     repository:
61 silly install resolved      { type: 'git',
61 silly install resolved        url: 'git+https://github.com/webpack/webpack.git' },
61 silly install resolved     homepage: 'https://github.com/webpack/webpack',
61 silly install resolved     main: 'lib/webpack.js',
61 silly install resolved     web: 'lib/webpack.web.js',
61 silly install resolved     bin: { webpack: './bin/webpack.js' },
61 silly install resolved     files: [ 'lib/', 'bin/', 'buildin/', 'hot/', 'web_modules/' ],
61 silly install resolved     scripts:
61 silly install resolved      { pretest: 'npm run lint && npm run beautify-lint',
61 silly install resolved        test: 'mocha',
61 silly install resolved        travis: 'npm run cover -- --report lcovonly',
61 silly install resolved        lint: 'eslint lib bin hot scripts',
61 silly install resolved        'beautify-lint': 'node ./scripts/beautify-check',
61 silly install resolved        beautify: 'node ./scripts/beautify-rewrite',
61 silly install resolved        precover: 'npm run lint && npm run beautify-lint',
61 silly install resolved        cover: 'istanbul cover -x *.runtime.js node_modules/mocha/bin/_mocha',
61 silly install resolved        'publish-patch': 'mocha && npm version patch && git push && git push --tags && npm publish' },
61 silly install resolved     gitHead: '89fda6a575eb379d974a30a5229d74c77ba35cc5',
61 silly install resolved     bugs: { url: 'https://github.com/webpack/webpack/issues' },
61 silly install resolved     _id: 'webpack@1.12.2',
61 silly install resolved     _shasum: 'ef40ed5d7c54716f5fae1598a451669316434e51',
61 silly install resolved     _from: 'webpack@*',
61 silly install resolved     _npmVersion: '2.14.2',
61 silly install resolved     _nodeVersion: '4.0.0',
61 silly install resolved     _npmUser: { name: 'sokra', email: 'tobias.koppers@googlemail.com' },
61 silly install resolved     dist:
61 silly install resolved      { shasum: 'ef40ed5d7c54716f5fae1598a451669316434e51',
61 silly install resolved        tarball: 'http://registry.npmjs.org/webpack/-/webpack-1.12.2.tgz' },
61 silly install resolved     maintainers: [ [Object] ],
61 silly install resolved     directories: {},
61 silly install resolved     _resolved: 'https://registry.npmjs.org/webpack/-/webpack-1.12.2.tgz',
61 silly install resolved     readme: 'ERROR: No README data found!' },
61 silly install resolved   { name: 'webpack-dev-server',
61 silly install resolved     version: '1.11.0',
61 silly install resolved     author: { name: 'Tobias Koppers @sokra' },
61 silly install resolved     description: 'Serves a webpack app. Updates the browser on changes.',
61 silly install resolved     peerDependencies: { webpack: '^1.3.0' },
61 silly install resolved     dependencies:
61 silly install resolved      { 'connect-history-api-fallback': '1.1.0',
61 silly install resolved        express: '^4.13.3',
61 silly install resolved        'http-proxy': '^1.11.2',
61 silly install resolved        optimist: '~0.6.0',
61 silly install resolved        'serve-index': '^1.7.2',
61 silly install resolved        'socket.io': '^1.3.6',
61 silly install resolved        'socket.io-client': '^1.3.6',
61 silly install resolved        'stream-cache': '~0.0.1',
61 silly install resolved        'strip-ansi': '^3.0.0',
61 silly install resolved        'supports-color': '^3.1.1',
61 silly install resolved        'webpack-dev-middleware': '^1.2.0' },
61 silly install resolved     devDependencies:
61 silly install resolved      { 'css-loader': '~0.18.0',
61 silly install resolved        'file-loader': '~0.8.4',
61 silly install resolved        jade: '^1.11.0',
61 silly install resolved        'jade-loader': '~0.7.1',
61 silly install resolved        less: '^2.5.1',
61 silly install resolved        'less-loader': '~2.2.0',
61 silly install resolved        'style-loader': '~0.12.3',
61 silly install resolved        'url-loader': '~0.5.6',
61 silly install resolved        webpack: '^1.12.1' },
61 silly install resolved     license: 'MIT',
61 silly install resolved     repository:
61 silly install resolved      { type: 'git',
61 silly install resolved        url: 'git://github.com/webpack/webpack-dev-server.git' },
61 silly install resolved     homepage: 'http://github.com/webpack/webpack-dev-server',
61 silly install resolved     main: 'lib/Server.js',
61 silly install resolved     bin: { 'webpack-dev-server': 'bin/webpack-dev-server.js' },
61 silly install resolved     files: [ 'lib/', 'bin', 'client/', 'ssl/' ],
61 silly install resolved     scripts: { prepublish: 'webpack ./client/live.js client/live.bundle.js --colors --config client/webpack.config.js -p && webpack ./client/index.js client/index.bundle.js --colors --config client/webpack.config.js -p' },
61 silly install resolved     gitHead: '30d0cc9e7c3eb5485242867a49388b0b265f148d',
61 silly install resolved     bugs: { url: 'https://github.com/webpack/webpack-dev-server/issues' },
61 silly install resolved     _id: 'webpack-dev-server@1.11.0',
61 silly install resolved     _shasum: 'f89a140686d83667935534fb1f757e7d6e8fd5e8',
61 silly install resolved     _from: 'webpack-dev-server@*',
61 silly install resolved     _npmVersion: '2.10.1',
61 silly install resolved     _nodeVersion: '0.12.4',
61 silly install resolved     _npmUser: { name: 'sokra', email: 'tobias.koppers@googlemail.com' },
61 silly install resolved     maintainers: [ [Object] ],
61 silly install resolved     dist:
61 silly install resolved      { shasum: 'f89a140686d83667935534fb1f757e7d6e8fd5e8',
61 silly install resolved        tarball: 'http://registry.npmjs.org/webpack-dev-server/-/webpack-dev-server-1.11.0.tgz' },
61 silly install resolved     directories: {},
61 silly install resolved     _resolved: 'https://registry.npmjs.org/webpack-dev-server/-/webpack-dev-server-1.11.0.tgz',
61 silly install resolved     readme: 'ERROR: No README data found!' } ]
62 info install webpack@1.12.2 into /usr/local/lib
63 info install webpack-dev-server@1.11.0 into /usr/local/lib
64 info installOne webpack@1.12.2
65 verbose installOne of webpack to /usr/local/lib not in flight; installing
66 info installOne webpack-dev-server@1.11.0
67 verbose installOne of webpack-dev-server to /usr/local/lib not in flight; installing
68 verbose lock using /Users/martin/.npm/_locks/webpack-865c90cad072eb35.lock for /usr/local/lib/node_modules/webpack
69 verbose lock using /Users/martin/.npm/_locks/webpack-dev-server-7cf3f6a4747c9e16.lock for /usr/local/lib/node_modules/webpack-dev-server
70 silly install write writing webpack 1.12.2 to /usr/local/lib/node_modules/webpack
71 silly install write writing webpack-dev-server 1.11.0 to /usr/local/lib/node_modules/webpack-dev-server
72 verbose unbuild lib/node_modules/webpack
73 verbose unbuild lib/node_modules/webpack-dev-server
74 silly gentlyRm /usr/local/lib/node_modules/webpack is being purged from base /usr/local
75 verbose gentlyRm don't care about contents; nuking /usr/local/lib/node_modules/webpack
76 silly gentlyRm /usr/local/lib/node_modules/webpack-dev-server is being purged from base /usr/local
77 verbose gentlyRm don't care about contents; nuking /usr/local/lib/node_modules/webpack-dev-server
78 verbose tar unpack /Users/martin/.npm/webpack/1.12.2/package.tgz
79 verbose tar unpacking to /usr/local/lib/node_modules/webpack
80 silly gentlyRm /usr/local/lib/node_modules/webpack is being purged
81 verbose gentlyRm don't care about contents; nuking /usr/local/lib/node_modules/webpack
82 verbose tar unpack /Users/martin/.npm/webpack-dev-server/1.11.0/package.tgz
83 verbose tar unpacking to /usr/local/lib/node_modules/webpack-dev-server
84 silly gentlyRm /usr/local/lib/node_modules/webpack-dev-server is being purged
85 verbose gentlyRm don't care about contents; nuking /usr/local/lib/node_modules/webpack-dev-server
86 silly gunzTarPerm modes [ '755', '644' ]
87 silly gunzTarPerm modes [ '755', '644' ]
88 error tar.unpack untar error /Users/martin/.npm/webpack/1.12.2/package.tgz
89 error tar.unpack untar error /Users/martin/.npm/webpack-dev-server/1.11.0/package.tgz
90 verbose unlock done using /Users/martin/.npm/_locks/webpack-865c90cad072eb35.lock for /usr/local/lib/node_modules/webpack
91 verbose unlock done using /Users/martin/.npm/_locks/webpack-dev-server-7cf3f6a4747c9e16.lock for /usr/local/lib/node_modules/webpack-dev-server
92 verbose fstream_path /usr/local/lib/node_modules/webpack
93 verbose fstream_type Directory
94 verbose fstream_class DirWriter
95 verbose stack Error: EACCES: permission denied, mkdir '/usr/local/lib/node_modules/webpack'
95 verbose stack     at Error (native)
96 verbose fstream_stack /usr/local/lib/node_modules/npm/node_modules/fstream/lib/dir-writer.js:35:25
96 verbose fstream_stack /usr/local/lib/node_modules/npm/node_modules/mkdirp/index.js:47:53
96 verbose fstream_stack FSReqWrap.oncomplete (fs.js:82:15)
97 verbose cwd /Users/martin/Projects/react/voting/client
98 error Darwin 13.4.0
99 error argv "/usr/local/bin/node" "/usr/local/bin/npm" "install" "-g" "webpack" "webpack-dev-server"
100 error node v4.0.0
101 error npm  v2.14.2
102 error path /usr/local/lib/node_modules/webpack
103 error code EACCES
104 error errno -13
105 error syscall mkdir
106 error Error: EACCES: permission denied, mkdir '/usr/local/lib/node_modules/webpack'
106 error     at Error (native)
106 error  { [Error: EACCES: permission denied, mkdir '/usr/local/lib/node_modules/webpack']
106 error   errno: -13,
106 error   code: 'EACCES',
106 error   syscall: 'mkdir',
106 error   path: '/usr/local/lib/node_modules/webpack',
106 error   fstream_type: 'Directory',
106 error   fstream_path: '/usr/local/lib/node_modules/webpack',
106 error   fstream_class: 'DirWriter',
106 error   fstream_stack:
106 error    [ '/usr/local/lib/node_modules/npm/node_modules/fstream/lib/dir-writer.js:35:25',
106 error      '/usr/local/lib/node_modules/npm/node_modules/mkdirp/index.js:47:53',
106 error      'FSReqWrap.oncomplete (fs.js:82:15)' ] }
107 error Please try running this command again as root/Administrator.
108 verbose exit [ -13, true ]
109 verbose unbuild lib/node_modules/webpack
110 silly gentlyRm /usr/local/lib/node_modules/webpack is being purged from base /usr/local
111 verbose gentlyRm don't care about contents; nuking /usr/local/lib/node_modules/webpack
112 verbose unbuild lib/node_modules/webpack-dev-server
113 silly gentlyRm /usr/local/lib/node_modules/webpack-dev-server is being purged from base /usr/local
114 verbose gentlyRm don't care about contents; nuking /usr/local/lib/node_modules/webpack-dev-server
